Copyright 1986-2017 Xilinx, Inc. All Rights Reserved.
----------------------------------------------------------------------------------------
| Tool Version : Vivado v.2017.2 (win64) Build 1909853 Thu Jun 15 18:39:09 MDT 2017
| Date         : Mon Nov 27 22:33:47 2017
| Host         : DESKTOP-JUECRTH running 64-bit major release  (build 9200)
| Command      : report_control_sets -verbose -file pong_top_st_control_sets_placed.rpt
| Design       : pong_top_st
| Device       : xc7a100t
----------------------------------------------------------------------------------------

Control Set Information

Table of Contents
-----------------
1. Summary
2. Flip-Flop Distribution
3. Detailed Control Set Information

1. Summary
----------

+----------------------------------------------------------+-------+
|                          Status                          | Count |
+----------------------------------------------------------+-------+
| Number of unique control sets                            |    14 |
| Unused register locations in slices containing registers |    68 |
+----------------------------------------------------------+-------+


2. Flip-Flop Distribution
-------------------------

+--------------+-----------------------+------------------------+-----------------+--------------+
| Clock Enable | Synchronous Set/Reset | Asynchronous Set/Reset | Total Registers | Total Slices |
+--------------+-----------------------+------------------------+-----------------+--------------+
| No           | No                    | No                     |               9 |            4 |
| No           | No                    | Yes                    |              15 |            9 |
| No           | Yes                   | No                     |               8 |            4 |
| Yes          | No                    | No                     |               8 |            3 |
| Yes          | No                    | Yes                    |              44 |           19 |
| Yes          | Yes                   | No                     |               0 |            0 |
+--------------+-----------------------+------------------------+-----------------+--------------+


3. Detailed Control Set Information
-----------------------------------

+------------------------------------+----------------------------------+---------------------------------+------------------+----------------+
|            Clock Signal            |           Enable Signal          |         Set/Reset Signal        | Slice Load Count | Bel Load Count |
+------------------------------------+----------------------------------+---------------------------------+------------------+----------------+
|  clk_IBUF_BUFG                     |                                  | reset_clk_IBUF                  |                1 |              1 |
|  pong_grf_unit/move_reg[1]_i_1_n_0 |                                  |                                 |                1 |              2 |
|  vsync_unit/x_delta_reg_reg[9][0]  |                                  |                                 |                1 |              2 |
|  clk_50m_BUFG                      |                                  |                                 |                1 |              2 |
| ~ps2_rx_unit/btnreg_reg[1]_0       |                                  |                                 |                1 |              3 |
|  clk_50m_BUFG                      |                                  | reset_IBUF                      |                3 |              3 |
|  clk_IBUF_BUFG                     | ps2_rx_unit/n_reg[3]_i_1_n_0     | reset_IBUF                      |                1 |              4 |
|  vsync_unit/video_on               |                                  | vsync_unit/rgb_reg_reg[10]_0[0] |                4 |              8 |
|  clk_50m_BUFG                      | vsync_unit/E[0]                  |                                 |                3 |              8 |
|  clk_50m_BUFG                      | vsync_unit/v_count_reg0          | reset_IBUF                      |                5 |             10 |
|  clk_50m_BUFG                      | vsync_unit/E[0]                  | reset_IBUF                      |                6 |             10 |
|  clk_50m_BUFG                      | vsync_unit/x_delta_reg_reg[9][0] | reset_IBUF                      |                4 |             10 |
|  clk_IBUF_BUFG                     | ps2_rx_unit/b_reg[10]_i_1_n_0    | reset_IBUF                      |                3 |             10 |
|  clk_IBUF_BUFG                     |                                  | reset_IBUF                      |                5 |             11 |
+------------------------------------+----------------------------------+---------------------------------+------------------+----------------+


+--------+-----------------------+
| Fanout | Number of ControlSets |
+--------+-----------------------+
| 1      |                     1 |
| 2      |                     3 |
| 3      |                     2 |
| 4      |                     1 |
| 8      |                     2 |
| 10     |                     4 |
| 11     |                     1 |
+--------+-----------------------+


